{
  "stats": {
    "suites": 1,
    "tests": 3,
    "passes": 3,
    "pending": 0,
    "failures": 0,
    "start": "2025-09-19T23:47:31.081Z",
    "end": "2025-09-19T23:47:31.195Z",
    "duration": 114,
    "testsRegistered": 3,
    "passPercent": 100,
    "pendingPercent": 0,
    "other": 0,
    "hasOther": false,
    "skipped": 0,
    "hasSkipped": false
  },
  "results": [
    {
      "uuid": "11a5f368-a871-4670-87f8-8d44170e8f59",
      "title": "",
      "fullFile": "C:\\Users\\amanda.coliveira\\Documents\\Pessoal\\PosGraduacao\\7 - Automação de Teste na Camada de Serviço (API)\\PGATS_API_TrabalhoFinal\\test\\rest\\external\\testesErrorsExternal.test.js",
      "file": "\\test\\rest\\external\\testesErrorsExternal.test.js",
      "beforeHooks": [],
      "afterHooks": [],
      "tests": [],
      "suites": [
        {
          "uuid": "f2a52ca0-1560-40d3-9796-9b58bd8c744a",
          "title": "Testes de cenários de erros da API Rest a nível external",
          "fullFile": "C:\\Users\\amanda.coliveira\\Documents\\Pessoal\\PosGraduacao\\7 - Automação de Teste na Camada de Serviço (API)\\PGATS_API_TrabalhoFinal\\test\\rest\\external\\testesErrorsExternal.test.js",
          "file": "\\test\\rest\\external\\testesErrorsExternal.test.js",
          "beforeHooks": [
            {
              "title": "\"before all\" hook in \"Testes de cenários de erros da API Rest a nível external\"",
              "fullTitle": "Testes de cenários de erros da API Rest a nível external \"before all\" hook in \"Testes de cenários de erros da API Rest a nível external\"",
              "timedOut": false,
              "duration": 42,
              "state": null,
              "speed": null,
              "pass": false,
              "fail": false,
              "pending": false,
              "context": null,
              "code": "// Registrar usuário Amanda (ignora erro se já existir)\nawait request(BASE_URL)\n    .post('/register')\n    .send({ username: \"Amanda\", password: \"123456\" })\n    .catch(() => {});",
              "err": {},
              "uuid": "cc4ffd12-c6a7-4a6c-9092-8ceb68e458ad",
              "parentUUID": "f2a52ca0-1560-40d3-9796-9b58bd8c744a",
              "isHook": true,
              "skipped": false
            }
          ],
          "afterHooks": [],
          "tests": [
            {
              "title": "Login com credenciais inválidas deve retornar 401",
              "fullTitle": "Testes de cenários de erros da API Rest a nível external Login com credenciais inválidas deve retornar 401",
              "timedOut": false,
              "duration": 26,
              "state": "passed",
              "speed": "fast",
              "pass": true,
              "fail": false,
              "pending": false,
              "context": null,
              "code": "const res = await request(BASE_URL)\n    .post('/login')\n    .send({ username: \"Amanda\", password: \"654321\" });\nexpect(res.status).to.equal(401);\nexpect(res.body).to.have.property('message', 'Credenciais inválidas.');",
              "err": {},
              "uuid": "2b518643-cf9d-46e5-b27e-3bc2534b97de",
              "parentUUID": "f2a52ca0-1560-40d3-9796-9b58bd8c744a",
              "isHook": false,
              "skipped": false
            },
            {
              "title": "Não deve permitir criar task com título repetido",
              "fullTitle": "Testes de cenários de erros da API Rest a nível external Não deve permitir criar task com título repetido",
              "timedOut": false,
              "duration": 34,
              "state": "passed",
              "speed": "fast",
              "pass": true,
              "fail": false,
              "pending": false,
              "context": null,
              "code": "// login válido para obter token\nconst loginRes = await request(BASE_URL)\n    .post('/login')\n    .send({ username: \"Amanda\", password: \"123456\" });\nconst token = loginRes.body.token;\nexpect(token).to.exist;\n// cria a primeira vez com sucesso\nawait request(BASE_URL)\n    .post('/tasks')\n    .set('Authorization', `Bearer ${token}`)\n    .send({\n        title: \"Criação da API Rest\",\n        description: \"Primeira etapa do trabalho final\",\n        dueDate: \"2025-09-21\",\n        priority: \"Alta\"\n    });\n// tenta criar novamente a mesma task\nconst res = await request(BASE_URL)\n    .post('/tasks')\n    .set('Authorization', `Bearer ${token}`)\n    .send({\n        title: \"Criação da API Rest\",\n        description: \"Primeira etapa do trabalho final\",\n        dueDate: \"2025-09-21\",\n        priority: \"Alta\"\n    });\nexpect(res.status).to.equal(400);\nexpect(res.body).to.have.property('message', 'Já existe uma task com esse título para este usuário.');",
              "err": {},
              "uuid": "fbdc3371-16fb-4fae-87ee-61798c486e94",
              "parentUUID": "f2a52ca0-1560-40d3-9796-9b58bd8c744a",
              "isHook": false,
              "skipped": false
            },
            {
              "title": "GET /tasks sem token deve retornar 401",
              "fullTitle": "Testes de cenários de erros da API Rest a nível external GET /tasks sem token deve retornar 401",
              "timedOut": false,
              "duration": 3,
              "state": "passed",
              "speed": "fast",
              "pass": true,
              "fail": false,
              "pending": false,
              "context": null,
              "code": "const res = await request(BASE_URL)\n    .get('/tasks');\nexpect(res.status).to.equal(401);\nexpect(res.body).to.have.property('message', 'Token não fornecido.');",
              "err": {},
              "uuid": "56d1a2dc-2108-402e-a9e2-a58a259188e5",
              "parentUUID": "f2a52ca0-1560-40d3-9796-9b58bd8c744a",
              "isHook": false,
              "skipped": false
            }
          ],
          "suites": [],
          "passes": [
            "2b518643-cf9d-46e5-b27e-3bc2534b97de",
            "fbdc3371-16fb-4fae-87ee-61798c486e94",
            "56d1a2dc-2108-402e-a9e2-a58a259188e5"
          ],
          "failures": [],
          "pending": [],
          "skipped": [],
          "duration": 63,
          "root": false,
          "rootEmpty": false,
          "_timeout": 10000
        }
      ],
      "passes": [],
      "failures": [],
      "pending": [],
      "skipped": [],
      "duration": 0,
      "root": true,
      "rootEmpty": true,
      "_timeout": 10000
    }
  ],
  "meta": {
    "mocha": {
      "version": "11.7.2"
    },
    "mochawesome": {
      "options": {
        "quiet": false,
        "reportFilename": "mochawesome",
        "saveHtml": true,
        "saveJson": true,
        "consoleReporter": "spec",
        "useInlineDiffs": false,
        "code": true
      },
      "version": "7.1.4"
    },
    "marge": {
      "options": null,
      "version": "6.3.0"
    }
  }
}