{
  "stats": {
    "suites": 1,
    "tests": 8,
    "passes": 8,
    "pending": 0,
    "failures": 0,
    "start": "2025-09-19T22:44:27.909Z",
    "end": "2025-09-19T22:44:28.262Z",
    "duration": 353,
    "testsRegistered": 8,
    "passPercent": 100,
    "pendingPercent": 0,
    "other": 0,
    "hasOther": false,
    "skipped": 0,
    "hasSkipped": false
  },
  "results": [
    {
      "uuid": "baaf2e1c-fdf3-4a98-bd2e-ef844c9ce3b5",
      "title": "",
      "fullFile": "C:\\Users\\amanda.coliveira\\Documents\\Pessoal\\PosGraduacao\\7 - Automação de Teste na Camada de Serviço (API)\\PGATS_API_TrabalhoFinal\\test\\rest\\controller\\testesFelizesController.test.js",
      "file": "\\test\\rest\\controller\\testesFelizesController.test.js",
      "beforeHooks": [],
      "afterHooks": [],
      "tests": [],
      "suites": [
        {
          "uuid": "e0ca1772-8ccd-4c54-9645-b9eeeb168c72",
          "title": "Testes de cenários felizes da API Rest a nível de Controller",
          "fullFile": "C:\\Users\\amanda.coliveira\\Documents\\Pessoal\\PosGraduacao\\7 - Automação de Teste na Camada de Serviço (API)\\PGATS_API_TrabalhoFinal\\test\\rest\\controller\\testesFelizesController.test.js",
          "file": "\\test\\rest\\controller\\testesFelizesController.test.js",
          "beforeHooks": [
            {
              "title": "\"before all\" hook in \"Testes de cenários felizes da API Rest a nível de Controller\"",
              "fullTitle": "Testes de cenários felizes da API Rest a nível de Controller \"before all\" hook in \"Testes de cenários felizes da API Rest a nível de Controller\"",
              "timedOut": false,
              "duration": 0,
              "state": null,
              "speed": null,
              "pass": false,
              "fail": false,
              "pending": false,
              "context": null,
              "code": "users.length = 0;\ntasks.length = 0;",
              "err": {},
              "uuid": "52f4a444-6a33-467e-87d8-7d0d962cdb44",
              "parentUUID": "e0ca1772-8ccd-4c54-9645-b9eeeb168c72",
              "isHook": true,
              "skipped": false
            }
          ],
          "afterHooks": [],
          "tests": [
            {
              "title": "Registrar usuário \"Amanda\" com sucesso",
              "fullTitle": "Testes de cenários felizes da API Rest a nível de Controller Registrar usuário \"Amanda\" com sucesso",
              "timedOut": false,
              "duration": 95,
              "state": "passed",
              "speed": "slow",
              "pass": true,
              "fail": false,
              "pending": false,
              "context": null,
              "code": "const resposta = await request(app)\n    .post('/register')\n    .send(usuario);\nexpect(resposta.status).to.equal(201);\nexpect(resposta.body).to.have.property('message', 'Usuário registrado com sucesso.');",
              "err": {},
              "uuid": "e8bdba69-88a1-4aae-af2b-b428ccba5932",
              "parentUUID": "e0ca1772-8ccd-4c54-9645-b9eeeb168c72",
              "isHook": false,
              "skipped": false
            },
            {
              "title": "Registrar usuário \"Bruno\" com sucesso",
              "fullTitle": "Testes de cenários felizes da API Rest a nível de Controller Registrar usuário \"Bruno\" com sucesso",
              "timedOut": false,
              "duration": 27,
              "state": "passed",
              "speed": "fast",
              "pass": true,
              "fail": false,
              "pending": false,
              "context": null,
              "code": "const resposta = await request(app)\n    .post('/register')\n    .send(usuario);\nexpect(resposta.status).to.equal(201);\nexpect(resposta.body).to.have.property('message', 'Usuário registrado com sucesso.');",
              "err": {},
              "uuid": "36eb6ded-9d09-44f6-9634-e2d5bb4e69b2",
              "parentUUID": "e0ca1772-8ccd-4c54-9645-b9eeeb168c72",
              "isHook": false,
              "skipped": false
            },
            {
              "title": "Login do usuário \"Amanda\"",
              "fullTitle": "Testes de cenários felizes da API Rest a nível de Controller Login do usuário \"Amanda\"",
              "timedOut": false,
              "duration": 33,
              "state": "passed",
              "speed": "fast",
              "pass": true,
              "fail": false,
              "pending": false,
              "context": null,
              "code": "const resposta = await request(app)\n    .post('/login')\n    .send(login);\nexpect(resposta.status).to.equal(200);\nexpect(resposta.body).to.have.property('token');",
              "err": {},
              "uuid": "207f2385-338a-4bb7-aa28-3dcba72b7f9a",
              "parentUUID": "e0ca1772-8ccd-4c54-9645-b9eeeb168c72",
              "isHook": false,
              "skipped": false
            },
            {
              "title": "Login do usuário \"Bruno\"",
              "fullTitle": "Testes de cenários felizes da API Rest a nível de Controller Login do usuário \"Bruno\"",
              "timedOut": false,
              "duration": 26,
              "state": "passed",
              "speed": "fast",
              "pass": true,
              "fail": false,
              "pending": false,
              "context": null,
              "code": "const resposta = await request(app)\n    .post('/login')\n    .send(login);\nexpect(resposta.status).to.equal(200);\nexpect(resposta.body).to.have.property('token');",
              "err": {},
              "uuid": "7c2a4059-8de2-418f-a331-f7db565aa09e",
              "parentUUID": "e0ca1772-8ccd-4c54-9645-b9eeeb168c72",
              "isHook": false,
              "skipped": false
            },
            {
              "title": "Criar task para \"Amanda\"",
              "fullTitle": "Testes de cenários felizes da API Rest a nível de Controller Criar task para \"Amanda\"",
              "timedOut": false,
              "duration": 42,
              "state": "passed",
              "speed": "medium",
              "pass": true,
              "fail": false,
              "pending": false,
              "context": null,
              "code": "// Primeiro faz login para obter token\nconst loginRes = await request(app).post('/login').send(usuario);\nconst token = loginRes.body.token;\nconst resposta = await request(app)\n    .post('/tasks')\n    .set('Authorization', `Bearer ${token}`)\n    .send(task);\nexpect(resposta.status).to.equal(201);\nexpect(resposta.body).to.include({\n    title: task.title,\n    description: task.description,\n    dueDate: task.dueDate,\n    priority: task.priority,\n    status: 'pending'\n});\nexpect(resposta.body).to.have.property('id');",
              "err": {},
              "uuid": "0a24a066-0da2-4cd9-a61e-2b571e1f6347",
              "parentUUID": "e0ca1772-8ccd-4c54-9645-b9eeeb168c72",
              "isHook": false,
              "skipped": false
            },
            {
              "title": "Criar task para \"Bruno\"",
              "fullTitle": "Testes de cenários felizes da API Rest a nível de Controller Criar task para \"Bruno\"",
              "timedOut": false,
              "duration": 38,
              "state": "passed",
              "speed": "medium",
              "pass": true,
              "fail": false,
              "pending": false,
              "context": null,
              "code": "// Primeiro faz login para obter token\nconst loginRes = await request(app).post('/login').send(usuario);\nconst token = loginRes.body.token;\nconst resposta = await request(app)\n    .post('/tasks')\n    .set('Authorization', `Bearer ${token}`)\n    .send(task);\nexpect(resposta.status).to.equal(201);\nexpect(resposta.body).to.include({\n    title: task.title,\n    description: task.description,\n    dueDate: task.dueDate,\n    priority: task.priority,\n    status: 'pending'\n});\nexpect(resposta.body).to.have.property('id');",
              "err": {},
              "uuid": "3002b470-d876-4af2-ae82-4443de3cadb1",
              "parentUUID": "e0ca1772-8ccd-4c54-9645-b9eeeb168c72",
              "isHook": false,
              "skipped": false
            },
            {
              "title": "Atualizar task para \"Amanda\"",
              "fullTitle": "Testes de cenários felizes da API Rest a nível de Controller Atualizar task para \"Amanda\"",
              "timedOut": false,
              "duration": 46,
              "state": "passed",
              "speed": "medium",
              "pass": true,
              "fail": false,
              "pending": false,
              "context": null,
              "code": "const loginRes = await request(app).post('/login').send(usuario);\nconst token = loginRes.body.token;\n// Criar uma task antes de atualizar\nconst createRes = await request(app)\n    .post('/tasks')\n    .set('Authorization', `Bearer ${token}`)\n    .send({\n        title: 'Temp Task',\n        description: 'Temp description',\n        dueDate: '2025-09-21',\n        priority: 'Alta'\n    });\nconst taskId = createRes.body.id;\nconst resposta = await request(app)\n    .put(`/tasks/${taskId}`)\n    .set('Authorization', `Bearer ${token}`)\n    .send(task);\nexpect(resposta.status).to.equal(200);\nexpect(resposta.body).to.include({\n    title: task.title,\n    description: task.description,\n    dueDate: task.dueDate,\n    priority: task.priority,\n    status: task.status\n});",
              "err": {},
              "uuid": "d1f79047-5f58-42b9-8503-8f6a91b6a443",
              "parentUUID": "e0ca1772-8ccd-4c54-9645-b9eeeb168c72",
              "isHook": false,
              "skipped": false
            },
            {
              "title": "Concluir task do usuário \"Amanda\"",
              "fullTitle": "Testes de cenários felizes da API Rest a nível de Controller Concluir task do usuário \"Amanda\"",
              "timedOut": false,
              "duration": 36,
              "state": "passed",
              "speed": "fast",
              "pass": true,
              "fail": false,
              "pending": false,
              "context": null,
              "code": "const loginRes = await request(app).post('/login').send(usuario);\nconst token = loginRes.body.token;\n// Criar uma task antes de concluir\nconst createRes = await request(app)\n    .post('/tasks')\n    .set('Authorization', `Bearer ${token}`)\n    .send({\n        title: 'Task para concluir',\n        description: 'Descrição qualquer',\n        dueDate: '2025-09-21',\n        priority: 'Alta'\n    });\nconst taskId = createRes.body.id;\nconst resposta = await request(app)\n    .post(`/tasks/${taskId}/complete`)\n    .set('Authorization', `Bearer ${token}`);\nexpect(resposta.status).to.equal(200);\nexpect(resposta.body).to.have.property('message', 'Task marcada como concluída.');",
              "err": {},
              "uuid": "b8b83180-09bc-4e36-8913-f3cbed0bc769",
              "parentUUID": "e0ca1772-8ccd-4c54-9645-b9eeeb168c72",
              "isHook": false,
              "skipped": false
            }
          ],
          "suites": [],
          "passes": [
            "e8bdba69-88a1-4aae-af2b-b428ccba5932",
            "36eb6ded-9d09-44f6-9634-e2d5bb4e69b2",
            "207f2385-338a-4bb7-aa28-3dcba72b7f9a",
            "7c2a4059-8de2-418f-a331-f7db565aa09e",
            "0a24a066-0da2-4cd9-a61e-2b571e1f6347",
            "3002b470-d876-4af2-ae82-4443de3cadb1",
            "d1f79047-5f58-42b9-8503-8f6a91b6a443",
            "b8b83180-09bc-4e36-8913-f3cbed0bc769"
          ],
          "failures": [],
          "pending": [],
          "skipped": [],
          "duration": 343,
          "root": false,
          "rootEmpty": false,
          "_timeout": 10000
        }
      ],
      "passes": [],
      "failures": [],
      "pending": [],
      "skipped": [],
      "duration": 0,
      "root": true,
      "rootEmpty": true,
      "_timeout": 10000
    }
  ],
  "meta": {
    "mocha": {
      "version": "11.7.2"
    },
    "mochawesome": {
      "options": {
        "quiet": false,
        "reportFilename": "mochawesome",
        "saveHtml": true,
        "saveJson": true,
        "consoleReporter": "spec",
        "useInlineDiffs": false,
        "code": true
      },
      "version": "7.1.4"
    },
    "marge": {
      "options": null,
      "version": "6.3.0"
    }
  }
}